DDI-MedLine.d132.s4|DDI-MedLine.d132.s4.e1|DDI-MedLine.d132.s4.e2|mechanism
DDI-MedLine.d23.s2|DDI-MedLine.d23.s2.e3|DDI-MedLine.d23.s2.e4|advise
DDI-MedLine.d23.s2|DDI-MedLine.d23.s2.e3|DDI-MedLine.d23.s2.e5|advise
DDI-MedLine.d29.s0|DDI-MedLine.d29.s0.e0|DDI-MedLine.d29.s0.e1|mechanism
DDI-MedLine.d164.s0|DDI-MedLine.d164.s0.e0|DDI-MedLine.d164.s0.e1|effect
DDI-DrugBank.d8.s3|DDI-DrugBank.d8.s3.e1|DDI-DrugBank.d8.s3.e2|mechanism
DDI-DrugBank.d8.s3|DDI-DrugBank.d8.s3.e1|DDI-DrugBank.d8.s3.e3|mechanism
DDI-DrugBank.d8.s3|DDI-DrugBank.d8.s3.e1|DDI-DrugBank.d8.s3.e4|mechanism
DDI-DrugBank.d8.s3|DDI-DrugBank.d8.s3.e3|DDI-DrugBank.d8.s3.e4|mechanism
DDI-DrugBank.d8.s4|DDI-DrugBank.d8.s4.e0|DDI-DrugBank.d8.s4.e1|mechanism
DDI-DrugBank.d416.s0|DDI-DrugBank.d416.s0.e0|DDI-DrugBank.d416.s0.e1|advise
DDI-DrugBank.d416.s0|DDI-DrugBank.d416.s0.e0|DDI-DrugBank.d416.s0.e2|advise
DDI-DrugBank.d416.s0|DDI-DrugBank.d416.s0.e0|DDI-DrugBank.d416.s0.e3|advise
DDI-DrugBank.d318.s0|DDI-DrugBank.d318.s0.e0|DDI-DrugBank.d318.s0.e1|effect
DDI-DrugBank.d357.s4|DDI-DrugBank.d357.s4.e0|DDI-DrugBank.d357.s4.e1|effect
DDI-DrugBank.d105.s0|DDI-DrugBank.d105.s0.e4|DDI-DrugBank.d105.s0.e5|mechanism
DDI-DrugBank.d489.s0|DDI-DrugBank.d489.s0.e0|DDI-DrugBank.d489.s0.e1|mechanism
DDI-DrugBank.d153.s4|DDI-DrugBank.d153.s4.e1|DDI-DrugBank.d153.s4.e2|effect
DDI-DrugBank.d269.s1|DDI-DrugBank.d269.s1.e1|DDI-DrugBank.d269.s1.e3|advise
DDI-DrugBank.d269.s1|DDI-DrugBank.d269.s1.e1|DDI-DrugBank.d269.s1.e4|advise
DDI-DrugBank.d269.s1|DDI-DrugBank.d269.s1.e1|DDI-DrugBank.d269.s1.e5|advise
DDI-DrugBank.d269.s1|DDI-DrugBank.d269.s1.e1|DDI-DrugBank.d269.s1.e6|advise
DDI-DrugBank.d269.s1|DDI-DrugBank.d269.s1.e5|DDI-DrugBank.d269.s1.e6|mechanism
DDI-DrugBank.d269.s14|DDI-DrugBank.d269.s14.e0|DDI-DrugBank.d269.s14.e1|mechanism
DDI-DrugBank.d339.s3|DDI-DrugBank.d339.s3.e0|DDI-DrugBank.d339.s3.e1|advise
DDI-DrugBank.d172.s6|DDI-DrugBank.d172.s6.e0|DDI-DrugBank.d172.s6.e1|mechanism
DDI-DrugBank.d172.s6|DDI-DrugBank.d172.s6.e1|DDI-DrugBank.d172.s6.e2|advise
DDI-DrugBank.d172.s8|DDI-DrugBank.d172.s8.e1|DDI-DrugBank.d172.s8.e5|advise
DDI-DrugBank.d172.s10|DDI-DrugBank.d172.s10.e0|DDI-DrugBank.d172.s10.e1|advise
DDI-DrugBank.d172.s11|DDI-DrugBank.d172.s11.e1|DDI-DrugBank.d172.s11.e2|effect
DDI-DrugBank.d172.s11|DDI-DrugBank.d172.s11.e1|DDI-DrugBank.d172.s11.e3|effect
DDI-DrugBank.d141.s6|DDI-DrugBank.d141.s6.e0|DDI-DrugBank.d141.s6.e1|mechanism
DDI-DrugBank.d287.s0|DDI-DrugBank.d287.s0.e0|DDI-DrugBank.d287.s0.e1|advise
DDI-DrugBank.d110.s5|DDI-DrugBank.d110.s5.e0|DDI-DrugBank.d110.s5.e1|advise
DDI-DrugBank.d429.s0|DDI-DrugBank.d429.s0.e3|DDI-DrugBank.d429.s0.e4|effect
DDI-DrugBank.d429.s4|DDI-DrugBank.d429.s4.e1|DDI-DrugBank.d429.s4.e2|mechanism
DDI-DrugBank.d429.s7|DDI-DrugBank.d429.s7.e0|DDI-DrugBank.d429.s7.e1|mechanism
DDI-DrugBank.d245.s0|DDI-DrugBank.d245.s0.e0|DDI-DrugBank.d245.s0.e1|effect
DDI-DrugBank.d245.s0|DDI-DrugBank.d245.s0.e0|DDI-DrugBank.d245.s0.e2|effect
DDI-DrugBank.d245.s0|DDI-DrugBank.d245.s0.e0|DDI-DrugBank.d245.s0.e3|effect
DDI-DrugBank.d245.s0|DDI-DrugBank.d245.s0.e0|DDI-DrugBank.d245.s0.e4|effect
DDI-DrugBank.d245.s0|DDI-DrugBank.d245.s0.e0|DDI-DrugBank.d245.s0.e5|effect
DDI-DrugBank.d245.s0|DDI-DrugBank.d245.s0.e0|DDI-DrugBank.d245.s0.e6|effect
DDI-DrugBank.d245.s0|DDI-DrugBank.d245.s0.e0|DDI-DrugBank.d245.s0.e7|effect
DDI-DrugBank.d245.s0|DDI-DrugBank.d245.s0.e0|DDI-DrugBank.d245.s0.e8|effect
DDI-DrugBank.d237.s6|DDI-DrugBank.d237.s6.e1|DDI-DrugBank.d237.s6.e2|mechanism
DDI-DrugBank.d237.s8|DDI-DrugBank.d237.s8.e0|DDI-DrugBank.d237.s8.e1|mechanism
DDI-DrugBank.d237.s14|DDI-DrugBank.d237.s14.e0|DDI-DrugBank.d237.s14.e1|advise
DDI-DrugBank.d237.s14|DDI-DrugBank.d237.s14.e0|DDI-DrugBank.d237.s14.e2|advise
DDI-DrugBank.d237.s14|DDI-DrugBank.d237.s14.e0|DDI-DrugBank.d237.s14.e3|advise
DDI-DrugBank.d237.s14|DDI-DrugBank.d237.s14.e0|DDI-DrugBank.d237.s14.e4|advise
DDI-DrugBank.d250.s0|DDI-DrugBank.d250.s0.e0|DDI-DrugBank.d250.s0.e1|effect
DDI-DrugBank.d250.s3|DDI-DrugBank.d250.s3.e0|DDI-DrugBank.d250.s3.e1|effect
DDI-DrugBank.d69.s1|DDI-DrugBank.d69.s1.e0|DDI-DrugBank.d69.s1.e1|advise
DDI-DrugBank.d69.s1|DDI-DrugBank.d69.s1.e0|DDI-DrugBank.d69.s1.e2|advise
DDI-DrugBank.d223.s9|DDI-DrugBank.d223.s9.e0|DDI-DrugBank.d223.s9.e1|int
DDI-DrugBank.d223.s10|DDI-DrugBank.d223.s10.e0|DDI-DrugBank.d223.s10.e1|advise
DDI-DrugBank.d223.s16|DDI-DrugBank.d223.s16.e2|DDI-DrugBank.d223.s16.e3|mechanism
DDI-DrugBank.d44.s1|DDI-DrugBank.d44.s1.e0|DDI-DrugBank.d44.s1.e1|advise
DDI-DrugBank.d44.s2|DDI-DrugBank.d44.s2.e2|DDI-DrugBank.d44.s2.e3|advise
DDI-DrugBank.d531.s2|DDI-DrugBank.d531.s2.e0|DDI-DrugBank.d531.s2.e1|mechanism
DDI-DrugBank.d531.s32|DDI-DrugBank.d531.s32.e1|DDI-DrugBank.d531.s32.e2|mechanism
DDI-DrugBank.d531.s37|DDI-DrugBank.d531.s37.e0|DDI-DrugBank.d531.s37.e1|mechanism
DDI-DrugBank.d531.s52|DDI-DrugBank.d531.s52.e0|DDI-DrugBank.d531.s52.e1|effect
DDI-DrugBank.d107.s0|DDI-DrugBank.d107.s0.e0|DDI-DrugBank.d107.s0.e1|effect
DDI-DrugBank.d107.s1|DDI-DrugBank.d107.s1.e2|DDI-DrugBank.d107.s1.e3|effect
DDI-DrugBank.d107.s9|DDI-DrugBank.d107.s9.e0|DDI-DrugBank.d107.s9.e1|advise
DDI-DrugBank.d107.s16|DDI-DrugBank.d107.s16.e2|DDI-DrugBank.d107.s16.e3|effect
DDI-DrugBank.d107.s17|DDI-DrugBank.d107.s17.e1|DDI-DrugBank.d107.s17.e2|advise
DDI-DrugBank.d395.s0|DDI-DrugBank.d395.s0.e1|DDI-DrugBank.d395.s0.e2|mechanism
DDI-DrugBank.d395.s17|DDI-DrugBank.d395.s17.e2|DDI-DrugBank.d395.s17.e3|effect
DDI-DrugBank.d395.s21|DDI-DrugBank.d395.s21.e0|DDI-DrugBank.d395.s21.e1|effect
DDI-DrugBank.d395.s21|DDI-DrugBank.d395.s21.e0|DDI-DrugBank.d395.s21.e2|mechanism
DDI-DrugBank.d359.s4|DDI-DrugBank.d359.s4.e0|DDI-DrugBank.d359.s4.e1|mechanism
DDI-DrugBank.d219.s1|DDI-DrugBank.d219.s1.e0|DDI-DrugBank.d219.s1.e1|advise
DDI-DrugBank.d219.s11|DDI-DrugBank.d219.s11.e0|DDI-DrugBank.d219.s11.e1|effect
DDI-DrugBank.d219.s11|DDI-DrugBank.d219.s11.e0|DDI-DrugBank.d219.s11.e2|effect
DDI-DrugBank.d219.s15|DDI-DrugBank.d219.s15.e1|DDI-DrugBank.d219.s15.e2|mechanism
DDI-DrugBank.d219.s18|DDI-DrugBank.d219.s18.e0|DDI-DrugBank.d219.s18.e1|advise
DDI-DrugBank.d104.s0|DDI-DrugBank.d104.s0.e0|DDI-DrugBank.d104.s0.e1|effect
DDI-DrugBank.d104.s0|DDI-DrugBank.d104.s0.e0|DDI-DrugBank.d104.s0.e4|effect
DDI-DrugBank.d776.s4|DDI-DrugBank.d776.s4.e0|DDI-DrugBank.d776.s4.e1|mechanism
DDI-DrugBank.d776.s7|DDI-DrugBank.d776.s7.e1|DDI-DrugBank.d776.s7.e2|effect
DDI-DrugBank.d776.s13|DDI-DrugBank.d776.s13.e1|DDI-DrugBank.d776.s13.e2|mechanism
DDI-DrugBank.d776.s25|DDI-DrugBank.d776.s25.e0|DDI-DrugBank.d776.s25.e1|mechanism
DDI-DrugBank.d776.s31|DDI-DrugBank.d776.s31.e0|DDI-DrugBank.d776.s31.e1|mechanism
DDI-DrugBank.d776.s33|DDI-DrugBank.d776.s33.e0|DDI-DrugBank.d776.s33.e1|mechanism
DDI-DrugBank.d776.s38|DDI-DrugBank.d776.s38.e3|DDI-DrugBank.d776.s38.e4|effect
DDI-DrugBank.d776.s38|DDI-DrugBank.d776.s38.e3|DDI-DrugBank.d776.s38.e5|effect
DDI-DrugBank.d776.s41|DDI-DrugBank.d776.s41.e0|DDI-DrugBank.d776.s41.e1|mechanism
DDI-DrugBank.d776.s41|DDI-DrugBank.d776.s41.e0|DDI-DrugBank.d776.s41.e2|mechanism
DDI-DrugBank.d776.s41|DDI-DrugBank.d776.s41.e0|DDI-DrugBank.d776.s41.e3|mechanism
DDI-DrugBank.d776.s41|DDI-DrugBank.d776.s41.e0|DDI-DrugBank.d776.s41.e4|mechanism
DDI-DrugBank.d776.s41|DDI-DrugBank.d776.s41.e0|DDI-DrugBank.d776.s41.e5|mechanism
DDI-DrugBank.d78.s1|DDI-DrugBank.d78.s1.e11|DDI-DrugBank.d78.s1.e12|mechanism
DDI-DrugBank.d78.s3|DDI-DrugBank.d78.s3.e3|DDI-DrugBank.d78.s3.e5|mechanism
DDI-DrugBank.d78.s10|DDI-DrugBank.d78.s10.e0|DDI-DrugBank.d78.s10.e1|effect
DDI-DrugBank.d78.s10|DDI-DrugBank.d78.s10.e2|DDI-DrugBank.d78.s10.e3|advise
DDI-DrugBank.d78.s11|DDI-DrugBank.d78.s11.e2|DDI-DrugBank.d78.s11.e3|mechanism
DDI-DrugBank.d78.s14|DDI-DrugBank.d78.s14.e0|DDI-DrugBank.d78.s14.e1|mechanism
DDI-DrugBank.d17.s12|DDI-DrugBank.d17.s12.e0|DDI-DrugBank.d17.s12.e1|effect
DDI-DrugBank.d17.s25|DDI-DrugBank.d17.s25.e0|DDI-DrugBank.d17.s25.e3|effect
DDI-DrugBank.d17.s31|DDI-DrugBank.d17.s31.e0|DDI-DrugBank.d17.s31.e1|mechanism
DDI-DrugBank.d549.s2|DDI-DrugBank.d549.s2.e0|DDI-DrugBank.d549.s2.e1|mechanism
DDI-DrugBank.d97.s40|DDI-DrugBank.d97.s40.e0|DDI-DrugBank.d97.s40.e1|mechanism
DDI-DrugBank.d97.s63|DDI-DrugBank.d97.s63.e0|DDI-DrugBank.d97.s63.e1|advise
DDI-DrugBank.d81.s6|DDI-DrugBank.d81.s6.e1|DDI-DrugBank.d81.s6.e2|mechanism
DDI-DrugBank.d81.s6|DDI-DrugBank.d81.s6.e3|DDI-DrugBank.d81.s6.e4|mechanism
DDI-DrugBank.d95.s1|DDI-DrugBank.d95.s1.e1|DDI-DrugBank.d95.s1.e2|mechanism
DDI-DrugBank.d454.s0|DDI-DrugBank.d454.s0.e0|DDI-DrugBank.d454.s0.e1|effect
DDI-DrugBank.d454.s0|DDI-DrugBank.d454.s0.e0|DDI-DrugBank.d454.s0.e2|effect
DDI-DrugBank.d454.s0|DDI-DrugBank.d454.s0.e0|DDI-DrugBank.d454.s0.e3|effect
DDI-DrugBank.d454.s4|DDI-DrugBank.d454.s4.e0|DDI-DrugBank.d454.s4.e1|effect
DDI-DrugBank.d630.s1|DDI-DrugBank.d630.s1.e1|DDI-DrugBank.d630.s1.e2|effect
DDI-DrugBank.d736.s5|DDI-DrugBank.d736.s5.e0|DDI-DrugBank.d736.s5.e1|mechanism
DDI-DrugBank.d640.s6|DDI-DrugBank.d640.s6.e3|DDI-DrugBank.d640.s6.e4|effect
DDI-DrugBank.d346.s4|DDI-DrugBank.d346.s4.e0|DDI-DrugBank.d346.s4.e1|advise
DDI-DrugBank.d346.s4|DDI-DrugBank.d346.s4.e0|DDI-DrugBank.d346.s4.e2|advise
DDI-DrugBank.d635.s0|DDI-DrugBank.d635.s0.e0|DDI-DrugBank.d635.s0.e1|advise
DDI-DrugBank.d622.s2|DDI-DrugBank.d622.s2.e1|DDI-DrugBank.d622.s2.e2|advise
DDI-DrugBank.d737.s10|DDI-DrugBank.d737.s10.e8|DDI-DrugBank.d737.s10.e9|effect
DDI-DrugBank.d632.s0|DDI-DrugBank.d632.s0.e2|DDI-DrugBank.d632.s0.e3|advise
DDI-DrugBank.d124.s2|DDI-DrugBank.d124.s2.e0|DDI-DrugBank.d124.s2.e1|advise
DDI-DrugBank.d179.s37|DDI-DrugBank.d179.s37.e2|DDI-DrugBank.d179.s37.e3|mechanism
DDI-DrugBank.d179.s38|DDI-DrugBank.d179.s38.e3|DDI-DrugBank.d179.s38.e4|mechanism
DDI-DrugBank.d179.s40|DDI-DrugBank.d179.s40.e3|DDI-DrugBank.d179.s40.e4|mechanism
DDI-DrugBank.d639.s0|DDI-DrugBank.d639.s0.e0|DDI-DrugBank.d639.s0.e2|advise
DDI-DrugBank.d639.s0|DDI-DrugBank.d639.s0.e0|DDI-DrugBank.d639.s0.e3|advise
DDI-DrugBank.d639.s0|DDI-DrugBank.d639.s0.e0|DDI-DrugBank.d639.s0.e4|advise
DDI-DrugBank.d639.s0|DDI-DrugBank.d639.s0.e0|DDI-DrugBank.d639.s0.e5|advise
DDI-DrugBank.d639.s0|DDI-DrugBank.d639.s0.e0|DDI-DrugBank.d639.s0.e6|advise
DDI-DrugBank.d639.s0|DDI-DrugBank.d639.s0.e0|DDI-DrugBank.d639.s0.e7|advise
DDI-DrugBank.d639.s0|DDI-DrugBank.d639.s0.e0|DDI-DrugBank.d639.s0.e8|advise
DDI-DrugBank.d639.s0|DDI-DrugBank.d639.s0.e0|DDI-DrugBank.d639.s0.e9|advise
DDI-DrugBank.d639.s0|DDI-DrugBank.d639.s0.e0|DDI-DrugBank.d639.s0.e10|advise
DDI-DrugBank.d639.s0|DDI-DrugBank.d639.s0.e0|DDI-DrugBank.d639.s0.e11|advise
DDI-DrugBank.d639.s0|DDI-DrugBank.d639.s0.e0|DDI-DrugBank.d639.s0.e12|advise
DDI-DrugBank.d658.s0|DDI-DrugBank.d658.s0.e0|DDI-DrugBank.d658.s0.e1|mechanism
DDI-DrugBank.d328.s9|DDI-DrugBank.d328.s9.e0|DDI-DrugBank.d328.s9.e1|advise
DDI-DrugBank.d328.s10|DDI-DrugBank.d328.s10.e1|DDI-DrugBank.d328.s10.e2|effect
DDI-DrugBank.d328.s10|DDI-DrugBank.d328.s10.e1|DDI-DrugBank.d328.s10.e3|effect
